<?xml version="1.0" encoding="UTF-8"?>
<!-- Generated by org.testng.reporters.JUnitXMLReporter -->
<testsuite hostname="DESKTOP-P8RTCON" ignored="0" name="Flipkart Test" tests="3" failures="0" timestamp="25 Oct 2022 05:46:36 GMT" time="35.349" errors="0">
  <testcase name="flipkartTitleTest" time="26.303" classname="TestNGSessions.FlipkartTest"/>
  <testcase name="flipkartLogoTest" time="0.105" classname="TestNGSessions.FlipkartTest"/>
  <testcase name="flipkartSearchButtonTest" time="3.095" classname="TestNGSessions.FlipkartTest"/>
</testsuite> <!-- Flipkart Test -->
