<?xml version="1.0" encoding="UTF-8"?>
<!-- Generated by org.testng.reporters.JUnitXMLReporter -->
<testsuite hostname="DESKTOP-P8RTCON" ignored="0" name="Noon Test" tests="3" failures="0" timestamp="25 Oct 2022 05:46:16 GMT" time="15.226" errors="0">
  <testcase name="noonTitleTest" time="6.122" classname="TestNGSessions.NoonTest"/>
  <testcase name="noonLogoTest" time="0.088" classname="TestNGSessions.NoonTest"/>
  <testcase name="noonSignInTest" time="3.121" classname="TestNGSessions.NoonTest"/>
</testsuite> <!-- Noon Test -->
