<?xml version="1.0" encoding="UTF-8"?>
<!-- Generated by org.testng.reporters.JUnitXMLReporter -->
<testsuite hostname="DESKTOP-P8RTCON" ignored="0" name="Noon Test" tests="3" failures="0" timestamp="25 Oct 2022 15:30:55 GMT" time="40.709" errors="0">
  <testcase name="noonTitleTest" time="5.074" classname="TestNGSessions13.NoonTest"/>
  <testcase name="noonLogoTest" time="2.848" classname="TestNGSessions13.NoonTest"/>
  <testcase name="noonSignInTest" time="3.091" classname="TestNGSessions13.NoonTest"/>
</testsuite> <!-- Noon Test -->
